  stdafx.cpp
  CApp.cpp
  CMatrix.cpp
d:\__labs_2_sem\grafika\lab1\lab1\cmatrix.cpp(27): warning C4066: знаки после первого в константе из двухбайтовых знаков пропускаются
  CMainWin.cpp
  Создание кода
  252 of 256 functions (98.4%) were compiled, the rest were copied from previous compilation.
    31 functions were new in current compilation
    0 functions had inline decision re-evaluated but remain unchanged
  Создание кода завершено
  Lab1.vcxproj -> D:\__Labs_2_sem\Grafika\Lab1\Release\LAB.exe

Итоги по проекту:
    15066 мс вызовов   1 D:\__Labs_2_sem\Grafika\Lab1\Lab1\Lab1.vcxproj
              15066 мс вызовов   1 Build                                   

Итоги по целям:
        0 мс вызовов   1 Build                                   
        0 мс вызовов   1 ComputeRCOutputs                        
        0 мс вызовов   1 BeforeLink                              
        0 мс вызовов   1 BuildLinkTraverse                       
        0 мс вызовов   1 BuildCompile                            
        0 мс вызовов   1 _BuildCompileAction                     
        0 мс вызовов   1 AfterBuildCompileEvent                  
        0 мс вызовов   1 _ResourceCompile                        
        0 мс вызовов   1 ComputeManifestGeneratedLinkerInputs    
        0 мс вызовов   1 AfterResourceCompile                    
        0 мс вызовов   1 SelectResourceCompile                   
        0 мс вызовов   1 BeforeResourceCompile                   
        0 мс вызовов   1 _ClCompile                              
        0 мс вызовов   1 AfterClCompile                          
        0 мс вызовов   1 _Deploy                                 
        0 мс вызовов   1 SelectClCompile                         
        0 мс вызовов   1 MakeDirsForCl                           
        0 мс вызовов   1 _CheckForCompileOutputs                 
        0 мс вызовов   1 ComputeCLOutputs                        
        0 мс вызовов   1 ComputeCLGeneratedLinkInputs            
        0 мс вызовов   1 ComputeManifestInputsTargets            
        0 мс вызовов   1 _Appverifier                            
        0 мс вызовов   1 CreateSatelliteAssemblies               
        0 мс вызовов   1 _BscMake                                
        0 мс вызовов   1 MakeDirsForBscMake                      
        0 мс вызовов   1 ComputeCLCompileGeneratedSbrFiles       
        0 мс вызовов   1 _XdcMake                                
        0 мс вызовов   1 MakeDirsForXdcMake                      
        0 мс вызовов   1 ResolvedXDCMake                         
        0 мс вызовов   1 _Manifest                               
        0 мс вызовов   1 _ALink                                  
        0 мс вызовов   1 _Link                                   
        0 мс вызовов   1 AfterLink                               
        0 мс вызовов   1 _CopySourceItemsToOutputDirectory       
        0 мс вызовов   1 ComputeLinkSwitches                     
        0 мс вызовов   1 PreLinkEvent                            
        0 мс вызовов   1 PrepareResourceNames                    
        0 мс вызовов   1 CreateCustomManifestResourceNames       
        0 мс вызовов   1 FixupCLCompileOptions                   
        0 мс вызовов   1 ComputeReferenceCLInput                 
        0 мс вызовов   1 GetCopyToOutputDirectoryXamlAppDefs     
        0 мс вызовов   1 BeforeResolveReferences                 
        0 мс вызовов   1 GetFrameworkPaths                       
        0 мс вызовов   1 ResolveReferences                       
        0 мс вызовов   1 AfterResolveReferences                  
        0 мс вызовов   1 PrepareProjectReferences                
        0 мс вызовов   1 ResolveAssemblyReferences               
        0 мс вызовов   1 BuildLink                               
        0 мс вызовов   1 PrepareForRun                           
        0 мс вызовов   1 GetResolvedWinMD                        
        0 мс вызовов   1 BeforeClCompile                         
        0 мс вызовов   1 ResolveSDKReferences                    
        0 мс вызовов   1 AssignProjectConfiguration              
        0 мс вызовов   1 PlatformPrepareForBuild                 
        0 мс вызовов   1 PostBuildEvent                          
        0 мс вызовов   1 SetCABuildNativeEnvironmentVariables    
        0 мс вызовов   1 ExpandSDKReferences                     
        0 мс вызовов   1 BuildGenerateSourcesTraverse            
        0 мс вызовов   1 BeforeBuildGenerateSources              
        0 мс вызовов   1 PreBuildEvent                           
        0 мс вызовов   1 BuildCompileTraverse                    
        0 мс вызовов   1 AfterBuild                              
        0 мс вызовов   1 BuildGenerateSources                    
        0 мс вызовов   1 _BuildGenerateSourcesAction             
        0 мс вызовов   1 _PrepareForBuild                        
        0 мс вызовов   1 AfterBuildGenerateSourcesEvent          
        0 мс вызовов   1 AfterBuildGenerateSources               
        0 мс вызовов   1 _Midl                                   
        0 мс вызовов   1 AfterMidl                               
        0 мс вызовов   1 ComputeMIDLGeneratedCompileInputs       
        0 мс вызовов   1 MakeDirsForMidl                         
        0 мс вызовов   1 _Xsd                                    
        0 мс вызовов   1 _SelectedFiles                          
        0 мс вызовов   1 _SplitProjectReferencesByFileExistence  
        0 мс вызовов   1 _BuildLinkAction                        
        1 мс вызовов   1 RegisterOutput                          
        1 мс вызовов   1 MakeDirsForResourceCompile              
        1 мс вызовов   1 ComputeCLInputPDBName                   
        1 мс вызовов   1 GetCopyToOutputDirectoryItems           
        1 мс вызовов   1 DoLinkOutputFilesMatch                  
        1 мс вызовов   1 SplitResourcesByCulture                 
        1 мс вызовов   1 _GetProjectReferenceTargetFrameworkProperties
        1 мс вызовов   1 ComputeCustomBuildOutput                
        1 мс вызовов   1 _HandlePackageFileConflicts             
        1 мс вызовов   1 ComputeCLCompileGeneratedXDCFiles       
        1 мс вызовов   1 ComputeLegacyManifestEmbedding          
        1 мс вызовов   1 ResolveProjectReferences                
        1 мс вызовов   1 _GenerateSatelliteAssemblyInputs        
        1 мс вызовов   1 ComputeLinkInputsFromProject            
        1 мс вызовов   1 AssignTargetPaths                       
        1 мс вызовов   1 SelectCustomBuild                       
        1 мс вызовов   1 WarnCompileDuplicatedFilename           
        1 мс вызовов   1 CopyFilesToOutputDirectory              
        1 мс вызовов   1 MakeDirsForLink                         
        1 мс вызовов   1 CopyFileToFolders                       
        1 мс вызовов   1 _PrepareForReferenceResolution          
        2 мс вызовов   1 SetBuildDefaultEnvironmentVariables     
        2 мс вызовов   1 ComputeRCGeneratedLinkInputs            
        3 мс вызовов   1 _CheckForInvalidConfigurationAndPlatform
        3 мс вызовов   1 FinalizeBuildStatus                     
        4 мс вызовов   1 InitializeBuildStatus                   
        5 мс вызовов   1 SetTelemetryEnvironmentVariables        
        5 мс вызовов   1 PrepareForBuild                         
       11 мс вызовов   1 _CheckWindowsSDKInstalled               
       31 мс вызовов   1 ComputeLinkImportLibraryOutputsForClean 
       32 мс вызовов   1 GetReferenceAssemblyPaths               
      435 мс вызовов   1 ResourceCompile                         
     3203 мс вызовов   1 Link                                    
    11301 мс вызовов   1 ClCompile                               

Итоги по задачам:
        0 мс вызовов   1 AssignProjectConfiguration              
        1 мс вызовов   1 AssignCulture                           
        1 мс вызовов   1 MSBuild                                 
        1 мс вызовов   1 Delete                                  
        1 мс вызовов   1 ResolvePackageFileConflicts             
        1 мс вызовов   9 MakeDir                                 
        1 мс вызовов   6 AssignTargetPath                        
        1 мс вызовов   1 GetOutOfDateItems                       
        1 мс вызовов   1 ReadLinesFromFile                       
        2 мс вызовов   2 Touch                                   
        2 мс вызовов   3 Message                                 
        6 мс вызовов   8 SetEnv                                  
       32 мс вызовов   2 WriteLinesToFile                        
      435 мс вызовов   1 RC                                      
     3200 мс вызовов   1 Link                                    
    11278 мс вызовов   2 CL                                      
