d:\study\kgig\lab1\lab1\debug\lab1.pch
d:\study\kgig\lab1\lab1\debug\vc141.pdb
d:\study\kgig\lab1\lab1\debug\vc141.idb
d:\study\kgig\lab1\lab1\debug\stdafx.obj
d:\study\kgig\lab1\lab1\debug\cmatrix.obj
d:\study\kgig\lab1\lab1\debug\cmainwin.obj
d:\study\kgig\lab1\lab1\debug\capp.obj
d:\study\kgig\lab1\debug\lab1.exe
d:\study\kgig\lab1\debug\lab1.ilk
d:\study\kgig\lab1\debug\lab1.pdb
d:\study\kgig\lab1\lab1\debug\resource.res
d:\study\kgig\lab1\lab1\debug\lab1.tlog\cl.command.1.tlog
d:\study\kgig\lab1\lab1\debug\lab1.tlog\cl.read.1.tlog
d:\study\kgig\lab1\lab1\debug\lab1.tlog\cl.write.1.tlog
d:\study\kgig\lab1\lab1\debug\lab1.tlog\link.command.1.tlog
d:\study\kgig\lab1\lab1\debug\lab1.tlog\link.read.1.tlog
d:\study\kgig\lab1\lab1\debug\lab1.tlog\link.write.1.tlog
d:\study\kgig\lab1\lab1\debug\lab1.tlog\rc.command.1.tlog
d:\study\kgig\lab1\lab1\debug\lab1.tlog\rc.read.1.tlog
d:\study\kgig\lab1\lab1\debug\lab1.tlog\rc.write.1.tlog
