25.05.2023 15:10:14 [http-listener-1(4)] INFO  com.example.lab_9.logFilter  - Log: /index.jspGET15:10:14.683660900127.0.0.1
25.05.2023 15:10:16 [http-listener-1(4)] INFO  com.example.lab_9.logFilter  - Log: /index.jspGET15:10:16.4835876000:0:0:0:0:0:0:1
25.05.2023 15:10:18 [http-listener-1(1)] INFO  com.example.lab_9.logFilter  - Log: /ex1.jspGET15:10:18.6603771000:0:0:0:0:0:0:1
25.05.2023 15:10:21 [http-listener-1(2)] INFO  com.example.lab_9.logFilter  - Log: /Lab_9GET15:10:21.7075875000:0:0:0:0:0:0:1
25.05.2023 15:10:24 [http-listener-1(5)] INFO  com.example.lab_9.logFilter  - Log: /ex3.jspGET15:10:24.9851733000:0:0:0:0:0:0:1
25.05.2023 15:10:29 [http-listener-1(3)] INFO  com.example.lab_9.logFilter  - Log: /ex6.jspGET15:10:29.2580354000:0:0:0:0:0:0:1
25.05.2023 15:10:32 [http-listener-1(4)] INFO  com.example.lab_9.logFilter  - Log: /Servlet3_1GET15:10:32.4094529000:0:0:0:0:0:0:1
25.05.2023 15:10:36 [http-listener-1(1)] INFO  com.example.lab_9.logFilter  - Log: /ex6-b.jspGET15:10:36.8176889000:0:0:0:0:0:0:1
25.05.2023 15:10:43 [http-listener-1(2)] INFO  com.example.lab_9.logFilter  - Log: /Servlet4POST15:10:43.1213851000:0:0:0:0:0:0:1
25.05.2023 15:10:51 [http-listener-1(5)] INFO  com.example.lab_9.logFilter  - Log: /ex6.jspGET15:10:51.2463649000:0:0:0:0:0:0:1
25.05.2023 15:10:53 [http-listener-1(3)] INFO  com.example.lab_9.logFilter  - Log: /ex3.jspGET15:10:53.8252971000:0:0:0:0:0:0:1
25.05.2023 15:10:57 [http-listener-1(4)] INFO  com.example.lab_9.logFilter  - Log: /Servlet2GET15:10:57.8628541000:0:0:0:0:0:0:1
25.05.2023 15:10:57 [http-listener-1(1)] INFO  com.example.lab_9.logFilter  - Log: /ex5.jspGET15:10:57.8789055000:0:0:0:0:0:0:1
25.05.2023 20:04:18 [http-listener-1(4)] INFO  com.example.lab_9.logFilter  - Log: /index.jspGET20:04:18.025163300127.0.0.1
25.05.2023 20:04:19 [http-listener-1(1)] INFO  com.example.lab_9.logFilter  - Log: /index.jspGET20:04:19.9595308000:0:0:0:0:0:0:1
25.05.2023 20:04:31 [http-listener-1(4)] INFO  com.example.lab_9.logFilter  - Log: /ex1.jspGET20:04:31.8820709000:0:0:0:0:0:0:1
25.05.2023 20:09:55 [http-listener-1(5)] INFO  com.example.lab_9.logFilter  - Log: /ex1.jspGET20:09:55.1457235000:0:0:0:0:0:0:1
25.05.2023 20:09:57 [http-listener-1(3)] INFO  com.example.lab_9.logFilter  - Log: /Lab_9GET20:09:57.9049934000:0:0:0:0:0:0:1
25.05.2023 20:10:01 [http-listener-1(2)] INFO  com.example.lab_9.logFilter  - Log: /ex3.jspGET20:10:01.9161998000:0:0:0:0:0:0:1
25.05.2023 20:10:03 [http-listener-1(1)] INFO  com.example.lab_9.logFilter  - Log: /ex3.jspGET20:10:03.3131480:0:0:0:0:0:0:1
25.05.2023 20:10:10 [http-listener-1(5)] INFO  com.example.lab_9.logFilter  - Log: /Servlet2GET20:10:10.6589676000:0:0:0:0:0:0:1
25.05.2023 20:10:10 [http-listener-1(3)] INFO  com.example.lab_9.logFilter  - Log: /ex5.jspGET20:10:10.6929952000:0:0:0:0:0:0:1
25.05.2023 20:10:15 [http-listener-1(2)] INFO  com.example.lab_9.logFilter  - Log: /ex6.jspGET20:10:15.1581328000:0:0:0:0:0:0:1
25.05.2023 20:10:21 [http-listener-1(1)] INFO  com.example.lab_9.logFilter  - Log: /Servlet3_1GET20:10:21.5790296000:0:0:0:0:0:0:1
25.05.2023 20:10:29 [http-listener-1(4)] INFO  com.example.lab_9.logFilter  - Log: /ex6-b.jspGET20:10:29.0717171000:0:0:0:0:0:0:1
25.05.2023 20:10:37 [http-listener-1(5)] INFO  com.example.lab_9.logFilter  - Log: /Servlet4POST20:10:37.2397254000:0:0:0:0:0:0:1
25.05.2023 20:46:36 [http-listener-1(5)] INFO  com.example.lab_9.logFilter  - Log: /index.jspGET20:46:36.294717700127.0.0.1
25.05.2023 20:46:37 [http-listener-1(1)] INFO  com.example.lab_9.logFilter  - Log: /index.jspGET20:46:37.9169994000:0:0:0:0:0:0:1
25.05.2023 20:46:39 [http-listener-1(5)] INFO  com.example.lab_9.logFilter  - Log: /ex1.jspGET20:46:39.9722155000:0:0:0:0:0:0:1
25.05.2023 20:46:43 [http-listener-1(2)] INFO  com.example.lab_9.logFilter  - Log: /Lab_9GET20:46:43.1473995000:0:0:0:0:0:0:1
25.05.2023 20:48:45 [http-listener-1(3)] INFO  com.example.lab_9.logFilter  - Log: /index.jspGET20:48:45.102071900127.0.0.1
25.05.2023 20:48:48 [http-listener-1(1)] INFO  com.example.lab_9.logFilter  - Log: /index.jspGET20:48:48.2724583000:0:0:0:0:0:0:1
25.05.2023 20:48:52 [http-listener-1(3)] INFO  com.example.lab_9.logFilter  - Log: /ex1.jspGET20:48:52.2376762000:0:0:0:0:0:0:1
25.05.2023 20:48:55 [http-listener-1(5)] INFO  com.example.lab_9.logFilter  - Log: /Lab_9GET20:48:55.9443900:0:0:0:0:0:0:1
25.05.2023 20:49:13 [http-listener-1(4)] INFO  com.example.lab_9.logFilter  - Log: /ex3.jspGET20:49:13.0445750:0:0:0:0:0:0:1
25.05.2023 20:49:21 [http-listener-1(2)] INFO  com.example.lab_9.logFilter  - Log: /ex6.jspGET20:49:21.1187086000:0:0:0:0:0:0:1
25.05.2023 20:49:26 [http-listener-1(1)] INFO  com.example.lab_9.logFilter  - Log: /Servlet3_1GET20:49:26.2044955000:0:0:0:0:0:0:1
25.05.2023 20:49:33 [http-listener-1(3)] INFO  com.example.lab_9.logFilter  - Log: /ex6-b.jspGET20:49:33.8345264000:0:0:0:0:0:0:1
