d:\c++\kgig_labs\lab1\lab1\debug\lab1.pch
d:\c++\kgig_labs\lab1\lab1\debug\vc141.pdb
d:\c++\kgig_labs\lab1\lab1\debug\vc141.idb
d:\c++\kgig_labs\lab1\lab1\debug\stdafx.obj
d:\c++\kgig_labs\lab1\lab1\debug\mainfrm.obj
d:\c++\kgig_labs\lab1\lab1\debug\lab1.obj
d:\c++\kgig_labs\lab1\lab1\debug\childview.obj
d:\c++\kgig_labs\lab1\lab1\debug\cmatrix.obj
d:\c++\kgig_labs\lab1\lab1\debug\simpwin.obj
d:\c++\kgig_labs\lab1\lab1\debug\capp.obj
d:\c++\kgig_labs\lab1\lab1\debug\cmainwin.obj
d:\c++\kgig_labs\lab1\debug\lab1.exe
d:\c++\kgig_labs\lab1\debug\lab1.ilk
d:\c++\kgig_labs\lab1\debug\lab1.pdb
d:\c++\kgig_labs\lab1\lab1\debug\lab1.tlog\cl.command.1.tlog
d:\c++\kgig_labs\lab1\lab1\debug\lab1.tlog\cl.read.1.tlog
d:\c++\kgig_labs\lab1\lab1\debug\lab1.tlog\cl.write.1.tlog
d:\c++\kgig_labs\lab1\lab1\debug\lab1.tlog\link.command.1.tlog
d:\c++\kgig_labs\lab1\lab1\debug\lab1.tlog\link.read.1.tlog
d:\c++\kgig_labs\lab1\lab1\debug\lab1.tlog\link.write.1.tlog
d:\c++\kgig_labs\lab1\lab1\debug\lab1.tlog\rc.command.1.tlog
d:\c++\kgig_labs\lab1\lab1\debug\lab1.tlog\rc.read.1.tlog
d:\c++\kgig_labs\lab1\lab1\debug\lab1.tlog\rc.write.1.tlog
