20.04.2023 19:36:07 [http-listener-1(3)] INFO  com.example.lab10.FilterAdd  - Log: /index.jspGET19:36:07.032780300127.0.0.1
20.04.2023 19:36:07 [http-listener-1(2)] INFO  com.example.lab10.FilterAdd  - Log: /index.jspGET19:36:07.4858857000:0:0:0:0:0:0:1
20.04.2023 19:36:07 [http-listener-1(3)] INFO  com.example.lab10.FilterAdd  - Log: /index.cssGET19:36:07.5518982000:0:0:0:0:0:0:1
20.04.2023 19:36:07 [http-listener-1(5)] INFO  com.example.lab10.FilterAdd  - Log: /header.cssGET19:36:07.5608997000:0:0:0:0:0:0:1
20.04.2023 19:36:32 [http-listener-1(4)] INFO  com.example.lab10.FilterAdd  - Log: /ServletLoginGET19:36:32.8022065000:0:0:0:0:0:0:1
20.04.2023 19:36:32 [http-listener-1(1)] INFO  com.example.lab10.FilterAdd  - Log: /wel.cssGET19:36:32.8582149000:0:0:0:0:0:0:1
20.04.2023 19:37:13 [http-listener-1(2)] INFO  com.example.lab10.FilterAdd  - Log: /index.jspGET19:37:13.4109605000:0:0:0:0:0:0:1
20.04.2023 19:37:21 [http-listener-1(3)] INFO  com.example.lab10.FilterAdd  - Log: /welcome.jspGET19:37:21.5161384000:0:0:0:0:0:0:1
20.04.2023 19:37:29 [http-listener-1(5)] INFO  com.example.lab10.FilterAdd  - Log: /welcome.fghgGET19:37:29.3317180:0:0:0:0:0:0:1
20.04.2023 19:53:15 [http-listener-1(4)] INFO  com.example.lab10.FilterAdd  - Log: /ServletLoginGET19:53:15.9820451000:0:0:0:0:0:0:1
20.04.2023 19:53:15 [http-listener-1(1)] INFO  com.example.lab10.FilterAdd  - Log: /index.jspGET19:53:15.9940513000:0:0:0:0:0:0:1
20.04.2023 19:53:24 [http-listener-1(2)] INFO  com.example.lab10.FilterAdd  - Log: /ServletLoginGET19:53:24.5021808000:0:0:0:0:0:0:1
20.04.2023 19:53:48 [http-listener-1(3)] INFO  com.example.lab10.FilterAdd  - Log: /ServletRemoveGET19:53:48.1481474000:0:0:0:0:0:0:1
20.04.2023 19:54:06 [http-listener-1(5)] INFO  com.example.lab10.FilterAdd  - Log: /ServletAddGET19:54:06.6686243000:0:0:0:0:0:0:1
20.04.2023 19:54:24 [http-listener-1(4)] INFO  com.example.lab10.FilterAdd  - Log: /welcome.jspGET19:54:24.6820069000:0:0:0:0:0:0:1
20.04.2023 19:54:33 [http-listener-1(1)] INFO  com.example.lab10.FilterAdd  - Log: /register.jspGET19:54:33.2496636000:0:0:0:0:0:0:1
20.04.2023 19:54:41 [http-listener-1(2)] INFO  com.example.lab10.FilterAdd  - Log: /ServletRegisterGET19:54:41.0869744000:0:0:0:0:0:0:1
20.04.2023 19:54:41 [http-listener-1(3)] INFO  com.example.lab10.FilterAdd  - Log: /register.jspGET19:54:41.0989765000:0:0:0:0:0:0:1
20.04.2023 19:54:46 [http-listener-1(5)] INFO  com.example.lab10.FilterAdd  - Log: /ServletRegisterGET19:54:46.8472807000:0:0:0:0:0:0:1
20.04.2023 19:54:46 [http-listener-1(4)] INFO  com.example.lab10.FilterAdd  - Log: /register.jspGET19:54:46.8584235000:0:0:0:0:0:0:1
20.04.2023 19:54:49 [http-listener-1(1)] INFO  com.example.lab10.FilterAdd  - Log: /index.jspGET19:54:49.9757530:0:0:0:0:0:0:1
20.04.2023 19:54:54 [http-listener-1(2)] INFO  com.example.lab10.FilterAdd  - Log: /ServletLoginGET19:54:54.9221500:0:0:0:0:0:0:1
20.04.2023 19:55:01 [http-listener-1(3)] INFO  com.example.lab10.FilterAdd  - Log: /register.jspGET19:55:01.4243773000:0:0:0:0:0:0:1
20.04.2023 19:55:09 [http-listener-1(5)] INFO  com.example.lab10.FilterAdd  - Log: /ServletRegisterGET19:55:09.7170338000:0:0:0:0:0:0:1
20.04.2023 19:55:09 [http-listener-1(4)] INFO  com.example.lab10.FilterAdd  - Log: /register.jspGET19:55:09.7290355000:0:0:0:0:0:0:1
20.04.2023 19:55:14 [http-listener-1(1)] INFO  com.example.lab10.FilterAdd  - Log: /index.jspGET19:55:14.4220687000:0:0:0:0:0:0:1
20.04.2023 19:55:19 [http-listener-1(2)] INFO  com.example.lab10.FilterAdd  - Log: /ServletLoginGET19:55:19.6221915000:0:0:0:0:0:0:1
20.04.2023 19:55:28 [http-listener-1(3)] INFO  com.example.lab10.FilterAdd  - Log: /ServletAddGET19:55:28.6025066000:0:0:0:0:0:0:1
20.04.2023 19:55:31 [http-listener-1(5)] INFO  com.example.lab10.FilterAdd  - Log: /index.jspGET19:55:31.0583431000:0:0:0:0:0:0:1
20.04.2023 19:55:36 [http-listener-1(4)] INFO  com.example.lab10.FilterAdd  - Log: /ServletLoginGET19:55:36.6265235000:0:0:0:0:0:0:1
20.04.2023 19:55:43 [http-listener-1(1)] INFO  com.example.lab10.FilterAdd  - Log: /index.jspGET19:55:43.3057808000:0:0:0:0:0:0:1
20.04.2023 20:01:10 [http-listener-1(2)] INFO  com.example.lab10.FilterAdd  - Log: /ServletLoginGET20:01:10.5969433000:0:0:0:0:0:0:1
20.04.2023 20:01:13 [http-listener-1(3)] INFO  com.example.lab10.FilterAdd  - Log: /ServletRemoveGET20:01:13.7537674000:0:0:0:0:0:0:1
